[ 2020-01-10T11:14:19+08:00 ] 127.0.0.1 /
INFO: [ app_init ] --START--
INFO: Run Behavior\BuildLiteBehavior [ RunTime:0.000010s ]
INFO: [ app_init ] --END-- [ RunTime:0.003640s ]
INFO: [ app_begin ] --START--
INFO: Run Behavior\ReadHtmlCacheBehavior [ RunTime:0.018030s ]
INFO: [ app_begin ] --END-- [ RunTime:0.018068s ]
ERR: SQLSTATE[HY000] [1045] Access denied for user 'root'@'localhost' (using password: NO)

[ 2020-01-10T11:17:40+08:00 ] 127.0.0.1 /
INFO: [ app_init ] --START--
INFO: Run Behavior\BuildLiteBehavior [ RunTime:0.000006s ]
INFO: [ app_init ] --END-- [ RunTime:0.000380s ]
INFO: [ app_begin ] --START--
INFO: Run Behavior\ReadHtmlCacheBehavior [ RunTime:0.000441s ]
INFO: [ app_begin ] --END-- [ RunTime:0.000457s ]
SQL: SHOW COLUMNS FROM `ap_nav` [ RunTime:0.0075s ]
SQL: SELECT * FROM `ap_nav` ORDER BY ord ASC  [ RunTime:0.0009s ]
SQL: SHOW COLUMNS FROM `ap_news_cat` [ RunTime:0.0012s ]
SQL: SELECT * FROM `ap_news_cat` WHERE ( nid ='1' )  [ RunTime:0.0009s ]
SQL: SELECT * FROM `ap_news_cat` WHERE ( nid ='2' )  [ RunTime:0.0002s ]
SQL: SELECT * FROM `ap_news_cat` WHERE ( nid ='3' )  [ RunTime:0.0001s ]
SQL: SELECT * FROM `ap_news_cat` WHERE ( nid ='4' )  [ RunTime:0.0001s ]
SQL: SELECT * FROM `ap_news_cat` WHERE ( nid ='5' )  [ RunTime:0.0001s ]
SQL: SHOW COLUMNS FROM `ap_about` [ RunTime:0.0011s ]
SQL: SELECT `id`,`name` FROM `ap_about` WHERE ( nid =1 )  [ RunTime:0.0006s ]
SQL: SELECT `id`,`name` FROM `ap_about` WHERE ( nid =2 )  [ RunTime:0.0001s ]
SQL: SELECT `id`,`name` FROM `ap_about` WHERE ( nid =3 )  [ RunTime:0.0001s ]
SQL: SELECT `id`,`name` FROM `ap_about` WHERE ( nid =4 )  [ RunTime:0.0001s ]
SQL: SELECT `id`,`name` FROM `ap_about` WHERE ( nid =5 )  [ RunTime:0.0001s ]
SQL: SHOW COLUMNS FROM `ap_designer_lv` [ RunTime:0.0011s ]
SQL: SELECT `name`,`id` FROM `ap_designer_lv`  [ RunTime:0.0006s ]
SQL: SHOW COLUMNS FROM `ap_banner` [ RunTime:0.0015s ]
SQL: SELECT * FROM `ap_banner` ORDER BY addtime desc,ord asc LIMIT 0,4   [ RunTime:0.0007s ]
SQL: SHOW COLUMNS FROM `ap_service` [ RunTime:0.0011s ]
SQL: SELECT * FROM `ap_service` ORDER BY ord asc  [ RunTime:0.0006s ]
SQL: SELECT * FROM `ap_news_cat` WHERE ( id=8 ) LIMIT 1   [ RunTime:0.0005s ]
SQL: SHOW COLUMNS FROM `ap_news` [ RunTime:0.0012s ]
SQL: SELECT * FROM `ap_news` WHERE ( cat_id=8 ) ORDER BY addtime desc LIMIT 0,4   [ RunTime:0.0008s ]
SQL: SELECT * FROM `ap_news_cat` WHERE ( id=9 ) LIMIT 1   [ RunTime:0.0002s ]
SQL: SELECT * FROM `ap_news` WHERE ( cat_id=9 ) ORDER BY addtime desc LIMIT 0,4   [ RunTime:0.0004s ]
SQL: SELECT * FROM `ap_news_cat` WHERE ( id=10 ) LIMIT 1   [ RunTime:0.0001s ]
SQL: SELECT * FROM `ap_news` WHERE ( cat_id=10 ) ORDER BY addtime desc LIMIT 0,4   [ RunTime:0.0003s ]
SQL: SHOW COLUMNS FROM `ap_house` [ RunTime:0.0014s ]
SQL: SELECT * FROM `ap_house` ORDER BY buy desc LIMIT 1   [ RunTime:0.0005s ]
SQL: SELECT * FROM `ap_house` ORDER BY addtime desc LIMIT 0,4   [ RunTime:0.0003s ]
SQL: SHOW COLUMNS FROM `ap_designer` [ RunTime:0.0013s ]
SQL: SELECT d.*,l.name as l_name,h.id as h_id,h.house_name as h_name,h.image as h_image,h.description as h_description FROM ap_designer d left join ap_designer_lv as l on d.lv_id=l.id left join ap_house as h on d.id=h.designer_id  WHERE ( is_king=1 ) LIMIT 1   [ RunTime:0.0012s ]
SQL: SELECT * FROM `ap_designer` WHERE ( is_king=0 ) ORDER BY click desc LIMIT 0,4   [ RunTime:0.0003s ]
INFO: [ view_parse ] --START--
INFO: [ template_filter ] --START--
INFO: Run Behavior\ContentReplaceBehavior [ RunTime:0.000386s ]
INFO: [ template_filter ] --END-- [ RunTime:0.000418s ]
NOTIC: [8] Undefined index: son E:\phpstudy_pro\WWW\ap\Application\Runtime\Cache\Home\2a94b8bda04ff446dcedd42276fc99ee.php 第 58 行.
NOTIC: [8] Undefined index: cat E:\phpstudy_pro\WWW\ap\Application\Runtime\Cache\Home\2a94b8bda04ff446dcedd42276fc99ee.php 第 64 行.
NOTIC: [8] Undefined index: about E:\phpstudy_pro\WWW\ap\Application\Runtime\Cache\Home\2a94b8bda04ff446dcedd42276fc99ee.php 第 67 行.
NOTIC: [8] Undefined index: cat E:\phpstudy_pro\WWW\ap\Application\Runtime\Cache\Home\2a94b8bda04ff446dcedd42276fc99ee.php 第 64 行.
NOTIC: [8] Undefined index: about E:\phpstudy_pro\WWW\ap\Application\Runtime\Cache\Home\2a94b8bda04ff446dcedd42276fc99ee.php 第 67 行.
NOTIC: [8] Undefined index: cat E:\phpstudy_pro\WWW\ap\Application\Runtime\Cache\Home\2a94b8bda04ff446dcedd42276fc99ee.php 第 64 行.
NOTIC: [8] Undefined index: about E:\phpstudy_pro\WWW\ap\Application\Runtime\Cache\Home\2a94b8bda04ff446dcedd42276fc99ee.php 第 67 行.
NOTIC: [8] Undefined index: son E:\phpstudy_pro\WWW\ap\Application\Runtime\Cache\Home\2a94b8bda04ff446dcedd42276fc99ee.php 第 58 行.
NOTIC: [8] Undefined index: about E:\phpstudy_pro\WWW\ap\Application\Runtime\Cache\Home\2a94b8bda04ff446dcedd42276fc99ee.php 第 67 行.
NOTIC: [8] Undefined index: son E:\phpstudy_pro\WWW\ap\Application\Runtime\Cache\Home\2a94b8bda04ff446dcedd42276fc99ee.php 第 58 行.
NOTIC: [8] Undefined index: cat E:\phpstudy_pro\WWW\ap\Application\Runtime\Cache\Home\2a94b8bda04ff446dcedd42276fc99ee.php 第 64 行.
INFO: Run Behavior\ParseTemplateBehavior [ RunTime:0.210813s ]
INFO: [ view_parse ] --END-- [ RunTime:0.210837s ]
INFO: [ view_filter ] --START--
INFO: Run Behavior\WriteHtmlCacheBehavior [ RunTime:0.000372s ]
INFO: [ view_filter ] --END-- [ RunTime:0.000388s ]
INFO: [ app_end ] --START--
INFO: Run Behavior\ShowPageTraceBehavior [ RunTime:0.000689s ]
INFO: [ app_end ] --END-- [ RunTime:0.000714s ]

[ 2020-01-10T11:19:51+08:00 ] 127.0.0.1 /index.php/Home/Designer/designer_art/id/1.html
INFO: [ app_init ] --START--
INFO: Run Behavior\BuildLiteBehavior [ RunTime:0.000005s ]
INFO: [ app_init ] --END-- [ RunTime:0.000303s ]
INFO: [ app_begin ] --START--
INFO: Run Behavior\ReadHtmlCacheBehavior [ RunTime:0.000411s ]
INFO: [ app_begin ] --END-- [ RunTime:0.000434s ]
SQL: SHOW COLUMNS FROM `ap_nav` [ RunTime:0.0028s ]
SQL: SELECT * FROM `ap_nav` ORDER BY ord ASC  [ RunTime:0.0010s ]
SQL: SHOW COLUMNS FROM `ap_news_cat` [ RunTime:0.0016s ]
SQL: SELECT * FROM `ap_news_cat` WHERE ( nid ='1' )  [ RunTime:0.0006s ]
SQL: SELECT * FROM `ap_news_cat` WHERE ( nid ='2' )  [ RunTime:0.0002s ]
SQL: SELECT * FROM `ap_news_cat` WHERE ( nid ='3' )  [ RunTime:0.0001s ]
SQL: SELECT * FROM `ap_news_cat` WHERE ( nid ='4' )  [ RunTime:0.0001s ]
SQL: SELECT * FROM `ap_news_cat` WHERE ( nid ='5' )  [ RunTime:0.0001s ]
SQL: SHOW COLUMNS FROM `ap_about` [ RunTime:0.0014s ]
SQL: SELECT `id`,`name` FROM `ap_about` WHERE ( nid =1 )  [ RunTime:0.0007s ]
SQL: SELECT `id`,`name` FROM `ap_about` WHERE ( nid =2 )  [ RunTime:0.0002s ]
SQL: SELECT `id`,`name` FROM `ap_about` WHERE ( nid =3 )  [ RunTime:0.0002s ]
SQL: SELECT `id`,`name` FROM `ap_about` WHERE ( nid =4 )  [ RunTime:0.0002s ]
SQL: SELECT `id`,`name` FROM `ap_about` WHERE ( nid =5 )  [ RunTime:0.0002s ]
SQL: SHOW COLUMNS FROM `ap_designer_lv` [ RunTime:0.0013s ]
SQL: SELECT `name`,`id` FROM `ap_designer_lv`  [ RunTime:0.0008s ]
SQL: SHOW COLUMNS FROM `ap_designer` [ RunTime:0.0030s ]
NOTIC: [8] Undefined variable: page E:\phpstudy_pro\WWW\ap\Application\Home\Controller\DesignerController.class.php 第 80 行.
NOTIC: [8] Trying to get property 'firstRow' of non-object E:\phpstudy_pro\WWW\ap\Application\Home\Controller\DesignerController.class.php 第 80 行.
NOTIC: [8] Undefined variable: page E:\phpstudy_pro\WWW\ap\Application\Home\Controller\DesignerController.class.php 第 80 行.
NOTIC: [8] Trying to get property 'listRows' of non-object E:\phpstudy_pro\WWW\ap\Application\Home\Controller\DesignerController.class.php 第 80 行.
SQL: SELECT d.*,l.name as l_name FROM ap_designer d left join ap_designer_lv as l on d.lv_id=l.id  WHERE ( d.id =1 ) ORDER BY jointime desc LIMIT 1   [ RunTime:0.0011s ]
SQL: SHOW COLUMNS FROM `ap_house` [ RunTime:0.0019s ]
SQL: SELECT COUNT(*) AS tp_count FROM `ap_house` WHERE ( designer_id =1 ) LIMIT 1   [ RunTime:0.0031s ]
INFO: [ view_parse ] --START--
INFO: [ template_filter ] --START--
INFO: Run Behavior\ContentReplaceBehavior [ RunTime:0.000095s ]
INFO: [ template_filter ] --END-- [ RunTime:0.000146s ]
NOTIC: [8] Undefined index: son E:\phpstudy_pro\WWW\ap\Application\Runtime\Cache\Home\cb0d876e89a37c769380ae1e583f69da.php 第 58 行.
NOTIC: [8] Undefined index: cat E:\phpstudy_pro\WWW\ap\Application\Runtime\Cache\Home\cb0d876e89a37c769380ae1e583f69da.php 第 64 行.
NOTIC: [8] Undefined index: about E:\phpstudy_pro\WWW\ap\Application\Runtime\Cache\Home\cb0d876e89a37c769380ae1e583f69da.php 第 67 行.
NOTIC: [8] Undefined index: cat E:\phpstudy_pro\WWW\ap\Application\Runtime\Cache\Home\cb0d876e89a37c769380ae1e583f69da.php 第 64 行.
NOTIC: [8] Undefined index: about E:\phpstudy_pro\WWW\ap\Application\Runtime\Cache\Home\cb0d876e89a37c769380ae1e583f69da.php 第 67 行.
NOTIC: [8] Undefined index: cat E:\phpstudy_pro\WWW\ap\Application\Runtime\Cache\Home\cb0d876e89a37c769380ae1e583f69da.php 第 64 行.
NOTIC: [8] Undefined index: about E:\phpstudy_pro\WWW\ap\Application\Runtime\Cache\Home\cb0d876e89a37c769380ae1e583f69da.php 第 67 行.
NOTIC: [8] Undefined index: son E:\phpstudy_pro\WWW\ap\Application\Runtime\Cache\Home\cb0d876e89a37c769380ae1e583f69da.php 第 58 行.
NOTIC: [8] Undefined index: about E:\phpstudy_pro\WWW\ap\Application\Runtime\Cache\Home\cb0d876e89a37c769380ae1e583f69da.php 第 67 行.
NOTIC: [8] Undefined index: son E:\phpstudy_pro\WWW\ap\Application\Runtime\Cache\Home\cb0d876e89a37c769380ae1e583f69da.php 第 58 行.
NOTIC: [8] Undefined index: cat E:\phpstudy_pro\WWW\ap\Application\Runtime\Cache\Home\cb0d876e89a37c769380ae1e583f69da.php 第 64 行.
NOTIC: [8] Undefined index: name E:\phpstudy_pro\WWW\ap\Application\Runtime\Cache\Home\cb0d876e89a37c769380ae1e583f69da.php 第 142 行.
NOTIC: [8] Undefined variable: house E:\phpstudy_pro\WWW\ap\Application\Runtime\Cache\Home\cb0d876e89a37c769380ae1e583f69da.php 第 159 行.
INFO: Run Behavior\ParseTemplateBehavior [ RunTime:0.151821s ]
INFO: [ view_parse ] --END-- [ RunTime:0.151841s ]
INFO: [ view_filter ] --START--
INFO: Run Behavior\WriteHtmlCacheBehavior [ RunTime:0.000320s ]
INFO: [ view_filter ] --END-- [ RunTime:0.000336s ]
INFO: [ app_end ] --START--
INFO: Run Behavior\ShowPageTraceBehavior [ RunTime:0.000566s ]
INFO: [ app_end ] --END-- [ RunTime:0.000587s ]

[ 2020-01-10T11:19:51+08:00 ] 127.0.0.1 /index.php/Home/Designer/ajaxdesigner_art.html?designer_id=1
INFO: [ app_init ] --START--
INFO: Run Behavior\BuildLiteBehavior [ RunTime:0.000005s ]
INFO: [ app_init ] --END-- [ RunTime:0.000255s ]
INFO: [ app_begin ] --START--
INFO: Run Behavior\ReadHtmlCacheBehavior [ RunTime:0.000315s ]
INFO: [ app_begin ] --END-- [ RunTime:0.000330s ]
SQL: SHOW COLUMNS FROM `ap_nav` [ RunTime:0.0020s ]
SQL: SELECT * FROM `ap_nav` ORDER BY ord ASC  [ RunTime:0.0010s ]
SQL: SHOW COLUMNS FROM `ap_news_cat` [ RunTime:0.0014s ]
SQL: SELECT * FROM `ap_news_cat` WHERE ( nid ='1' )  [ RunTime:0.0007s ]
SQL: SELECT * FROM `ap_news_cat` WHERE ( nid ='2' )  [ RunTime:0.0003s ]
SQL: SELECT * FROM `ap_news_cat` WHERE ( nid ='3' )  [ RunTime:0.0002s ]
SQL: SELECT * FROM `ap_news_cat` WHERE ( nid ='4' )  [ RunTime:0.0002s ]
SQL: SELECT * FROM `ap_news_cat` WHERE ( nid ='5' )  [ RunTime:0.0002s ]
SQL: SHOW COLUMNS FROM `ap_about` [ RunTime:0.0014s ]
SQL: SELECT `id`,`name` FROM `ap_about` WHERE ( nid =1 )  [ RunTime:0.0008s ]
SQL: SELECT `id`,`name` FROM `ap_about` WHERE ( nid =2 )  [ RunTime:0.0003s ]
SQL: SELECT `id`,`name` FROM `ap_about` WHERE ( nid =3 )  [ RunTime:0.0002s ]
SQL: SELECT `id`,`name` FROM `ap_about` WHERE ( nid =4 )  [ RunTime:0.0002s ]
SQL: SELECT `id`,`name` FROM `ap_about` WHERE ( nid =5 )  [ RunTime:0.0002s ]
SQL: SHOW COLUMNS FROM `ap_designer_lv` [ RunTime:0.0013s ]
SQL: SELECT `name`,`id` FROM `ap_designer_lv`  [ RunTime:0.0006s ]
SQL: SHOW COLUMNS FROM `ap_house` [ RunTime:0.0024s ]
SQL: SELECT COUNT(*) AS tp_count FROM `ap_house` WHERE ( designer_id =1 ) LIMIT 1   [ RunTime:0.0005s ]
SQL: SELECT * FROM `ap_house` WHERE ( designer_id =1 ) LIMIT 0,3   [ RunTime:0.0004s ]
INFO: [ view_parse ] --START--
INFO: [ template_filter ] --START--
INFO: Run Behavior\ContentReplaceBehavior [ RunTime:0.000022s ]
INFO: [ template_filter ] --END-- [ RunTime:0.000044s ]
NOTIC: [8] Undefined index: t_name E:\phpstudy_pro\WWW\ap\Application\Runtime\Cache\Home\65151197efaf8be315bfc9aed228e692.php 第 8 行.
NOTIC: [8] Undefined index: t_name E:\phpstudy_pro\WWW\ap\Application\Runtime\Cache\Home\65151197efaf8be315bfc9aed228e692.php 第 8 行.
NOTIC: [8] Undefined index: t_name E:\phpstudy_pro\WWW\ap\Application\Runtime\Cache\Home\65151197efaf8be315bfc9aed228e692.php 第 8 行.
INFO: Run Behavior\ParseTemplateBehavior [ RunTime:0.030484s ]
INFO: [ view_parse ] --END-- [ RunTime:0.030503s ]
INFO: [ view_filter ] --START--
INFO: Run Behavior\WriteHtmlCacheBehavior [ RunTime:0.000316s ]
INFO: [ view_filter ] --END-- [ RunTime:0.000332s ]
INFO: [ app_end ] --START--
INFO: Run Behavior\ShowPageTraceBehavior [ RunTime:0.000656s ]
INFO: [ app_end ] --END-- [ RunTime:0.000682s ]

[ 2020-01-10T11:20:07+08:00 ] 127.0.0.1 /index.php/Home/Anli/guestbook.html
INFO: [ app_init ] --START--
INFO: Run Behavior\BuildLiteBehavior [ RunTime:0.000008s ]
INFO: [ app_init ] --END-- [ RunTime:0.000464s ]
INFO: [ app_begin ] --START--
INFO: Run Behavior\ReadHtmlCacheBehavior [ RunTime:0.000634s ]
INFO: [ app_begin ] --END-- [ RunTime:0.000664s ]
SQL: SHOW COLUMNS FROM `ap_nav` [ RunTime:0.0031s ]
SQL: SELECT * FROM `ap_nav` ORDER BY ord ASC  [ RunTime:0.0011s ]
SQL: SHOW COLUMNS FROM `ap_news_cat` [ RunTime:0.0025s ]
SQL: SELECT * FROM `ap_news_cat` WHERE ( nid ='1' )  [ RunTime:0.0010s ]
SQL: SELECT * FROM `ap_news_cat` WHERE ( nid ='2' )  [ RunTime:0.0003s ]
SQL: SELECT * FROM `ap_news_cat` WHERE ( nid ='3' )  [ RunTime:0.0003s ]
SQL: SELECT * FROM `ap_news_cat` WHERE ( nid ='4' )  [ RunTime:0.0003s ]
SQL: SELECT * FROM `ap_news_cat` WHERE ( nid ='5' )  [ RunTime:0.0003s ]
SQL: SHOW COLUMNS FROM `ap_about` [ RunTime:0.0024s ]
SQL: SELECT `id`,`name` FROM `ap_about` WHERE ( nid =1 )  [ RunTime:0.0010s ]
SQL: SELECT `id`,`name` FROM `ap_about` WHERE ( nid =2 )  [ RunTime:0.0003s ]
SQL: SELECT `id`,`name` FROM `ap_about` WHERE ( nid =3 )  [ RunTime:0.0003s ]
SQL: SELECT `id`,`name` FROM `ap_about` WHERE ( nid =4 )  [ RunTime:0.0003s ]
SQL: SELECT `id`,`name` FROM `ap_about` WHERE ( nid =5 )  [ RunTime:0.0002s ]
SQL: SHOW COLUMNS FROM `ap_designer_lv` [ RunTime:0.0020s ]
SQL: SELECT `name`,`id` FROM `ap_designer_lv`  [ RunTime:0.0008s ]
SQL: SHOW COLUMNS FROM `ap_guestbook` [ RunTime:0.0022s ]

[ 2020-01-10T11:20:12+08:00 ] 127.0.0.1 /index.php/Home/Anli/guestbook.html
INFO: [ app_init ] --START--
INFO: Run Behavior\BuildLiteBehavior [ RunTime:0.000009s ]
INFO: [ app_init ] --END-- [ RunTime:0.000488s ]
INFO: [ app_begin ] --START--
INFO: Run Behavior\ReadHtmlCacheBehavior [ RunTime:0.000792s ]
INFO: [ app_begin ] --END-- [ RunTime:0.000833s ]
SQL: SHOW COLUMNS FROM `ap_nav` [ RunTime:0.0030s ]
SQL: SELECT * FROM `ap_nav` ORDER BY ord ASC  [ RunTime:0.0010s ]
SQL: SHOW COLUMNS FROM `ap_news_cat` [ RunTime:0.0023s ]
SQL: SELECT * FROM `ap_news_cat` WHERE ( nid ='1' )  [ RunTime:0.0012s ]
SQL: SELECT * FROM `ap_news_cat` WHERE ( nid ='2' )  [ RunTime:0.0005s ]
SQL: SELECT * FROM `ap_news_cat` WHERE ( nid ='3' )  [ RunTime:0.0004s ]
SQL: SELECT * FROM `ap_news_cat` WHERE ( nid ='4' )  [ RunTime:0.0004s ]
SQL: SELECT * FROM `ap_news_cat` WHERE ( nid ='5' )  [ RunTime:0.0003s ]
SQL: SHOW COLUMNS FROM `ap_about` [ RunTime:0.0023s ]
SQL: SELECT `id`,`name` FROM `ap_about` WHERE ( nid =1 )  [ RunTime:0.0010s ]
SQL: SELECT `id`,`name` FROM `ap_about` WHERE ( nid =2 )  [ RunTime:0.0003s ]
SQL: SELECT `id`,`name` FROM `ap_about` WHERE ( nid =3 )  [ RunTime:0.0003s ]
SQL: SELECT `id`,`name` FROM `ap_about` WHERE ( nid =4 )  [ RunTime:0.0003s ]
SQL: SELECT `id`,`name` FROM `ap_about` WHERE ( nid =5 )  [ RunTime:0.0003s ]
SQL: SHOW COLUMNS FROM `ap_designer_lv` [ RunTime:0.0022s ]
SQL: SELECT `name`,`id` FROM `ap_designer_lv`  [ RunTime:0.0009s ]
SQL: SHOW COLUMNS FROM `ap_guestbook` [ RunTime:0.0024s ]
NOTIC: [8] Undefined index: auto E:\phpstudy_pro\WWW\ap\ThinkPHP\Library\Think\Model.class.php 第 1128 行.
SQL: INSERT INTO `ap_guestbook` (`guestbook_name`,`phone`,`level`,`area`,`addtime`,`is_read`) VALUES ('aaa','17688353540','豪华装修','3','1578626412','0') [ RunTime:0.0171s ]

[ 2020-01-10T11:20:19+08:00 ] 127.0.0.1 /index.php/Home/Index/index.html
INFO: [ app_init ] --START--
INFO: Run Behavior\BuildLiteBehavior [ RunTime:0.000006s ]
INFO: [ app_init ] --END-- [ RunTime:0.000323s ]
INFO: [ app_begin ] --START--
INFO: Run Behavior\ReadHtmlCacheBehavior [ RunTime:0.000446s ]
INFO: [ app_begin ] --END-- [ RunTime:0.000467s ]
SQL: SHOW COLUMNS FROM `ap_nav` [ RunTime:0.0051s ]
SQL: SELECT * FROM `ap_nav` ORDER BY ord ASC  [ RunTime:0.0010s ]
SQL: SHOW COLUMNS FROM `ap_news_cat` [ RunTime:0.0021s ]
SQL: SELECT * FROM `ap_news_cat` WHERE ( nid ='1' )  [ RunTime:0.0008s ]
SQL: SELECT * FROM `ap_news_cat` WHERE ( nid ='2' )  [ RunTime:0.0002s ]
SQL: SELECT * FROM `ap_news_cat` WHERE ( nid ='3' )  [ RunTime:0.0002s ]
SQL: SELECT * FROM `ap_news_cat` WHERE ( nid ='4' )  [ RunTime:0.0002s ]
SQL: SELECT * FROM `ap_news_cat` WHERE ( nid ='5' )  [ RunTime:0.0002s ]
SQL: SHOW COLUMNS FROM `ap_about` [ RunTime:0.0015s ]
SQL: SELECT `id`,`name` FROM `ap_about` WHERE ( nid =1 )  [ RunTime:0.0015s ]
SQL: SELECT `id`,`name` FROM `ap_about` WHERE ( nid =2 )  [ RunTime:0.0008s ]
SQL: SELECT `id`,`name` FROM `ap_about` WHERE ( nid =3 )  [ RunTime:0.0006s ]
SQL: SELECT `id`,`name` FROM `ap_about` WHERE ( nid =4 )  [ RunTime:0.0004s ]
SQL: SELECT `id`,`name` FROM `ap_about` WHERE ( nid =5 )  [ RunTime:0.0004s ]
SQL: SHOW COLUMNS FROM `ap_designer_lv` [ RunTime:0.0024s ]
SQL: SELECT `name`,`id` FROM `ap_designer_lv`  [ RunTime:0.0010s ]
SQL: SHOW COLUMNS FROM `ap_banner` [ RunTime:0.0017s ]
SQL: SELECT * FROM `ap_banner` ORDER BY addtime desc,ord asc LIMIT 0,4   [ RunTime:0.0008s ]
SQL: SHOW COLUMNS FROM `ap_service` [ RunTime:0.0020s ]
SQL: SELECT * FROM `ap_service` ORDER BY ord asc  [ RunTime:0.0008s ]
SQL: SELECT * FROM `ap_news_cat` WHERE ( id=8 ) LIMIT 1   [ RunTime:0.0002s ]
SQL: SHOW COLUMNS FROM `ap_news` [ RunTime:0.0017s ]
SQL: SELECT * FROM `ap_news` WHERE ( cat_id=8 ) ORDER BY addtime desc LIMIT 0,4   [ RunTime:0.0010s ]
SQL: SELECT * FROM `ap_news_cat` WHERE ( id=9 ) LIMIT 1   [ RunTime:0.0006s ]
SQL: SELECT * FROM `ap_news` WHERE ( cat_id=9 ) ORDER BY addtime desc LIMIT 0,4   [ RunTime:0.0016s ]
SQL: SELECT * FROM `ap_news_cat` WHERE ( id=10 ) LIMIT 1   [ RunTime:0.0004s ]
SQL: SELECT * FROM `ap_news` WHERE ( cat_id=10 ) ORDER BY addtime desc LIMIT 0,4   [ RunTime:0.0006s ]
SQL: SHOW COLUMNS FROM `ap_house` [ RunTime:0.0029s ]
SQL: SELECT * FROM `ap_house` ORDER BY buy desc LIMIT 1   [ RunTime:0.0005s ]
SQL: SELECT * FROM `ap_house` ORDER BY addtime desc LIMIT 0,4   [ RunTime:0.0003s ]
SQL: SHOW COLUMNS FROM `ap_designer` [ RunTime:0.0015s ]
SQL: SELECT d.*,l.name as l_name,h.id as h_id,h.house_name as h_name,h.image as h_image,h.description as h_description FROM ap_designer d left join ap_designer_lv as l on d.lv_id=l.id left join ap_house as h on d.id=h.designer_id  WHERE ( is_king=1 ) LIMIT 1   [ RunTime:0.0010s ]
SQL: SELECT * FROM `ap_designer` WHERE ( is_king=0 ) ORDER BY click desc LIMIT 0,4   [ RunTime:0.0003s ]
INFO: [ view_parse ] --START--
INFO: [ template_filter ] --START--
INFO: Run Behavior\ContentReplaceBehavior [ RunTime:0.000135s ]
INFO: [ template_filter ] --END-- [ RunTime:0.000183s ]
NOTIC: [8] Undefined index: son E:\phpstudy_pro\WWW\ap\Application\Runtime\Cache\Home\2a94b8bda04ff446dcedd42276fc99ee.php 第 58 行.
NOTIC: [8] Undefined index: cat E:\phpstudy_pro\WWW\ap\Application\Runtime\Cache\Home\2a94b8bda04ff446dcedd42276fc99ee.php 第 64 行.
NOTIC: [8] Undefined index: about E:\phpstudy_pro\WWW\ap\Application\Runtime\Cache\Home\2a94b8bda04ff446dcedd42276fc99ee.php 第 67 行.
NOTIC: [8] Undefined index: cat E:\phpstudy_pro\WWW\ap\Application\Runtime\Cache\Home\2a94b8bda04ff446dcedd42276fc99ee.php 第 64 行.
NOTIC: [8] Undefined index: about E:\phpstudy_pro\WWW\ap\Application\Runtime\Cache\Home\2a94b8bda04ff446dcedd42276fc99ee.php 第 67 行.
NOTIC: [8] Undefined index: cat E:\phpstudy_pro\WWW\ap\Application\Runtime\Cache\Home\2a94b8bda04ff446dcedd42276fc99ee.php 第 64 行.
NOTIC: [8] Undefined index: about E:\phpstudy_pro\WWW\ap\Application\Runtime\Cache\Home\2a94b8bda04ff446dcedd42276fc99ee.php 第 67 行.
NOTIC: [8] Undefined index: son E:\phpstudy_pro\WWW\ap\Application\Runtime\Cache\Home\2a94b8bda04ff446dcedd42276fc99ee.php 第 58 行.
NOTIC: [8] Undefined index: about E:\phpstudy_pro\WWW\ap\Application\Runtime\Cache\Home\2a94b8bda04ff446dcedd42276fc99ee.php 第 67 行.
NOTIC: [8] Undefined index: son E:\phpstudy_pro\WWW\ap\Application\Runtime\Cache\Home\2a94b8bda04ff446dcedd42276fc99ee.php 第 58 行.
NOTIC: [8] Undefined index: cat E:\phpstudy_pro\WWW\ap\Application\Runtime\Cache\Home\2a94b8bda04ff446dcedd42276fc99ee.php 第 64 行.
INFO: Run Behavior\ParseTemplateBehavior [ RunTime:0.215935s ]
INFO: [ view_parse ] --END-- [ RunTime:0.215962s ]
INFO: [ view_filter ] --START--
INFO: Run Behavior\WriteHtmlCacheBehavior [ RunTime:0.000317s ]
INFO: [ view_filter ] --END-- [ RunTime:0.000339s ]
INFO: [ app_end ] --START--
INFO: Run Behavior\ShowPageTraceBehavior [ RunTime:0.000621s ]
INFO: [ app_end ] --END-- [ RunTime:0.000647s ]

